-------------------------------------------------------------------------------
Test set: TestSuite
-------------------------------------------------------------------------------
Tests run: 3, Failures: 3, Errors: 0, Skipped: 0, Time elapsed: 0.976 sec <<< FAILURE!
getWheatherInfo(com.aapitesting.TestAPI.TestWheatherAPI)  Time elapsed: 0.28 sec  <<< FAILURE!
java.lang.NoClassDefFoundError: io/restassured/path/json/mapper/factory/JohnzonObjectMapperFactory
	at io.restassured.config.RestAssuredConfig.<init>(RestAssuredConfig.java:41)
	at io.restassured.RestAssured.<clinit>(RestAssured.java:420)
	at com.aapitesting.TestAPI.TestWheatherAPI.getWheatherInfo(TestWheatherAPI.java:18)
Caused by: java.lang.ClassNotFoundException: io.restassured.path.json.mapper.factory.JohnzonObjectMapperFactory
	at java.net.URLClassLoader.findClass(URLClassLoader.java:382)
	at java.lang.ClassLoader.loadClass(ClassLoader.java:424)
	at sun.misc.Launcher$AppClassLoader.loadClass(Launcher.java:349)
	at java.lang.ClassLoader.loadClass(ClassLoader.java:357)
	... 41 more

getWheatherInfoBangaloreWithInvalidData(com.aapitesting.TestAPI.TestWheatherAPI)  Time elapsed: 0 sec  <<< FAILURE!
java.lang.NoClassDefFoundError: Could not initialize class io.restassured.RestAssured
	at com.aapitesting.TestAPI.TestWheatherAPI.getWheatherInfoBangaloreWithInvalidData(TestWheatherAPI.java:82)

getWheatherInfoOfBangaloreWithValidData(com.aapitesting.TestAPI.TestWheatherAPI)  Time elapsed: 0 sec  <<< FAILURE!
java.lang.NoClassDefFoundError: Could not initialize class io.restassured.RestAssured
	at com.aapitesting.TestAPI.TestWheatherAPI.getWheatherInfoOfBangaloreWithValidData(TestWheatherAPI.java:52)

