<?xml version="1.0" encoding="UTF-8"?>
<!-- Generated by org.testng.reporters.JUnitXMLReporter -->
<testsuite hostname="LAPTOP-6I5FEE09" ignored="0" name="Command line test" tests="3" failures="3" timestamp="2019-09-06T22:18:18 IST" time="0.321" errors="0">
  <testcase name="getWheatherInfo" time="0.276" classname="com.aapitesting.TestAPI.TestWheatherAPI">
    <failure type="java.lang.NoClassDefFoundError" message="io/restassured/path/json/mapper/factory/JohnzonObjectMapperFactory">
      <![CDATA[java.lang.NoClassDefFoundError: io/restassured/path/json/mapper/factory/JohnzonObjectMapperFactory
at io.restassured.config.RestAssuredConfig.<init>(RestAssuredConfig.java:41)
at io.restassured.RestAssured.<clinit>(RestAssured.java:420)
at com.aapitesting.TestAPI.TestWheatherAPI.getWheatherInfo(TestWheatherAPI.java:18)
at java.util.ArrayList.forEach(ArrayList.java:1257)
Caused by: java.lang.ClassNotFoundException: io.restassured.path.json.mapper.factory.JohnzonObjectMapperFactory
at java.net.URLClassLoader.findClass(URLClassLoader.java:382)
at java.lang.ClassLoader.loadClass(ClassLoader.java:424)
at sun.misc.Launcher$AppClassLoader.loadClass(Launcher.java:349)
at java.lang.ClassLoader.loadClass(ClassLoader.java:357)
... 41 more
... Removed 37 stack frames]]>
    </failure>
  </testcase> <!-- getWheatherInfo -->
  <testcase name="getWheatherInfoBangaloreWithInvalidData" time="0.0" classname="com.aapitesting.TestAPI.TestWheatherAPI">
    <failure type="java.lang.NoClassDefFoundError" message="Could not initialize class io.restassured.RestAssured">
      <![CDATA[java.lang.NoClassDefFoundError: Could not initialize class io.restassured.RestAssured
at com.aapitesting.TestAPI.TestWheatherAPI.getWheatherInfoBangaloreWithInvalidData(TestWheatherAPI.java:82)
at java.util.ArrayList.forEach(ArrayList.java:1257)
... Removed 37 stack frames]]>
    </failure>
  </testcase> <!-- getWheatherInfoBangaloreWithInvalidData -->
  <testcase name="getWheatherInfoOfBangaloreWithValidData" time="0.001" classname="com.aapitesting.TestAPI.TestWheatherAPI">
    <failure type="java.lang.NoClassDefFoundError" message="Could not initialize class io.restassured.RestAssured">
      <![CDATA[java.lang.NoClassDefFoundError: Could not initialize class io.restassured.RestAssured
at com.aapitesting.TestAPI.TestWheatherAPI.getWheatherInfoOfBangaloreWithValidData(TestWheatherAPI.java:52)
at java.util.ArrayList.forEach(ArrayList.java:1257)
... Removed 37 stack frames]]>
    </failure>
  </testcase> <!-- getWheatherInfoOfBangaloreWithValidData -->
</testsuite> <!-- Command line test -->
